19:20:00.871 [main] DEBUG testCase.TC_002_LoginTest - ######### Capturing Application Debug Logs#########
19:20:01.181 [main] INFO  testCase.TC_002_LoginTest - Clicked on My Account Link..........
19:20:07.762 [main] INFO  testCase.TC_002_LoginTest - Clicked on Login Link My Account...........
19:20:11.658 [main] INFO  testCase.TC_002_LoginTest - Entering Email Address ..........
19:20:15.122 [main] INFO  testCase.TC_002_LoginTest - Entering Password ..........
19:20:18.632 [main] INFO  testCase.TC_002_LoginTest - Click Login Button ..........
19:20:23.283 [main] INFO  testCase.TC_002_LoginTest - Test Passed ..........
19:20:23.283 [main] INFO  testCase.TC_002_LoginTest - **** Finished TC_002_LoginTest **************
16:41:02.522 [main] INFO  testCase.TC_001_AccountRegistrationTest - ********* Starting TC_001_AccountRegistrationTest ***************
16:41:03.217 [main] INFO  testCase.TC_001_AccountRegistrationTest - Clicked On My Account  Link
16:41:07.212 [main] INFO  testCase.TC_001_AccountRegistrationTest - Clicked On Registeration Link
16:41:10.223 [main] INFO  testCase.TC_001_AccountRegistrationTest - ********** Entering Customer Information*****
16:41:38.754 [main] INFO  testCase.TC_001_AccountRegistrationTest - Clicked on Continue
16:41:38.862 [main] ERROR testCase.TC_001_AccountRegistrationTest - Test Failed *************
16:41:51.307 [main] INFO  testCase.TC_002_LoginTest - **** Starting TC_002_LoginTest **************
16:41:51.308 [main] DEBUG testCase.TC_002_LoginTest - ######### Capturing Application Debug Logs#########
16:41:51.310 [main] INFO  testCase.TC_002_LoginTest - Clicked on My Account Link..........
16:41:54.671 [main] INFO  testCase.TC_002_LoginTest - Clicked on Login Link My Account...........
16:41:58.421 [main] INFO  testCase.TC_002_LoginTest - Entering Email Address ..........
16:42:01.874 [main] INFO  testCase.TC_002_LoginTest - Entering Password ..........
16:42:05.496 [main] INFO  testCase.TC_002_LoginTest - Click Login Button ..........
16:42:09.744 [main] INFO  testCase.TC_002_LoginTest - Test Passed ..........
16:42:09.744 [main] INFO  testCase.TC_002_LoginTest - **** Finished TC_002_LoginTest **************
