10:13:22.642 [main] INFO  testCase.TC_001_AccountRegistrationTest - Test Passed *********** 
10:13:26.063 [main] INFO  testCase.TC_001_AccountRegistrationTest - Validating Expected Message 
10:13:26.064 [main] INFO  testCase.TC_001_AccountRegistrationTest - ********* Finished TC_001_AccountRegistrationTest ***************
10:14:00.449 [main] INFO  testCase.TC_002_LoginTest - **** Starting TC_002_LoginTest **************
10:14:00.450 [main] DEBUG testCase.TC_002_LoginTest - ######### Capturing Application Debug Logs#########
10:14:00.452 [main] INFO  testCase.TC_002_LoginTest - Clicked on My Account Link..........
10:14:03.917 [main] INFO  testCase.TC_002_LoginTest - Clicked on Login Link My Account...........
10:14:07.708 [main] INFO  testCase.TC_002_LoginTest - Entering Email Address ..........
10:14:11.222 [main] INFO  testCase.TC_002_LoginTest - Entering Password ..........
10:14:14.525 [main] INFO  testCase.TC_002_LoginTest - Click Login Button ..........
10:14:18.933 [main] INFO  testCase.TC_002_LoginTest - Test Passed ..........
10:14:18.933 [main] INFO  testCase.TC_002_LoginTest - **** Finished TC_002_LoginTest **************
11:17:04.955 [main] INFO  testCase.TC_001_AccountRegistrationTest - ********* Starting TC_001_AccountRegistrationTest ***************
11:17:09.380 [main] INFO  testCase.TC_001_AccountRegistrationTest - Clicked On My Account  Link
11:17:15.799 [main] INFO  testCase.TC_001_AccountRegistrationTest - Clicked On Registeration Link
11:17:18.811 [main] INFO  testCase.TC_001_AccountRegistrationTest - ********** Entering Customer Information*****
11:17:50.120 [main] INFO  testCase.TC_001_AccountRegistrationTest - Clicked on Continue
11:17:50.293 [main] INFO  testCase.TC_001_AccountRegistrationTest - Test Passed *********** 
11:17:53.311 [main] INFO  testCase.TC_001_AccountRegistrationTest - Validating Expected Message 
11:17:53.312 [main] INFO  testCase.TC_001_AccountRegistrationTest - ********* Finished TC_001_AccountRegistrationTest ***************
11:18:12.658 [main] INFO  testCase.TC_002_LoginTest - **** Starting TC_002_LoginTest **************
11:18:12.658 [main] DEBUG testCase.TC_002_LoginTest - ######### Capturing Application Debug Logs#########
11:18:12.663 [main] INFO  testCase.TC_002_LoginTest - Clicked on My Account Link..........
11:18:16.408 [main] INFO  testCase.TC_002_LoginTest - Clicked on Login Link My Account...........
11:18:20.126 [main] INFO  testCase.TC_002_LoginTest - Entering Email Address ..........
11:18:23.736 [main] INFO  testCase.TC_002_LoginTest - Entering Password ..........
11:18:27.078 [main] INFO  testCase.TC_002_LoginTest - Click Login Button ..........
11:18:31.489 [main] INFO  testCase.TC_002_LoginTest - Test Passed ..........
11:18:31.489 [main] INFO  testCase.TC_002_LoginTest - **** Finished TC_002_LoginTest **************
11:26:53.689 [main] INFO  testCase.TC_001_AccountRegistrationTest - ********* Starting TC_001_AccountRegistrationTest ***************
11:27:13.193 [main] INFO  testCase.TC_001_AccountRegistrationTest - Clicked On My Account  Link
11:27:19.161 [main] INFO  testCase.TC_001_AccountRegistrationTest - Clicked On Registeration Link
11:27:22.164 [main] INFO  testCase.TC_001_AccountRegistrationTest - ********** Entering Customer Information*****
11:27:56.809 [main] INFO  testCase.TC_001_AccountRegistrationTest - Clicked on Continue
11:27:57.105 [main] ERROR testCase.TC_001_AccountRegistrationTest - Test Failed *************
11:28:34.935 [main] INFO  testCase.TC_002_LoginTest - **** Starting TC_002_LoginTest **************
11:28:34.936 [main] DEBUG testCase.TC_002_LoginTest - ######### Capturing Application Debug Logs#########
11:28:34.938 [main] INFO  testCase.TC_002_LoginTest - Clicked on My Account Link..........
11:28:38.365 [main] INFO  testCase.TC_002_LoginTest - Clicked on Login Link My Account...........
11:28:42.591 [main] INFO  testCase.TC_002_LoginTest - Entering Email Address ..........
11:28:46.015 [main] INFO  testCase.TC_002_LoginTest - Entering Password ..........
11:28:49.385 [main] INFO  testCase.TC_002_LoginTest - Click Login Button ..........
11:28:53.619 [main] INFO  testCase.TC_002_LoginTest - Test Passed ..........
11:28:53.619 [main] INFO  testCase.TC_002_LoginTest - **** Finished TC_002_LoginTest **************
19:19:09.636 [main] INFO  testCase.TC_001_AccountRegistrationTest - ********* Starting TC_001_AccountRegistrationTest ***************
19:19:11.280 [main] INFO  testCase.TC_001_AccountRegistrationTest - Clicked On My Account  Link
19:19:15.517 [main] INFO  testCase.TC_001_AccountRegistrationTest - Clicked On Registeration Link
19:19:18.524 [main] INFO  testCase.TC_001_AccountRegistrationTest - ********** Entering Customer Information*****
19:19:47.661 [main] INFO  testCase.TC_001_AccountRegistrationTest - Clicked on Continue
19:19:47.792 [main] ERROR testCase.TC_001_AccountRegistrationTest - Test Failed *************
19:20:00.871 [main] INFO  testCase.TC_002_LoginTest - **** Starting TC_002_LoginTest **************
